#
# There is insufficient memory for the Java Runtime Environment to continue.
# Native memory allocation (mmap) failed to map 65536 bytes for Failed to commit metaspace.
# Possible reasons:
#   The system is out of physical RAM or swap space
#   The process is running with CompressedOops enabled, and the Java Heap may be blocking the growth of the native heap
# Possible solutions:
#   Reduce memory load on the system
#   Increase physical memory or swap space
#   Check if swap backing store is full
#   Decrease Java heap size (-Xmx/-Xms)
#   Decrease number of Java threads
#   Decrease Java thread stack sizes (-Xss)
#   Set larger code cache with -XX:ReservedCodeCacheSize=
#   JVM is running with Unscaled Compressed Oops mode in which the Java heap is
#     placed in the first 4GB address space. The Java Heap base address is the
#     maximum limit for the native heap growth. Please use -XX:HeapBaseMinAddress
#     to set the Java Heap base and to place the Java Heap above 4GB virtual address.
# This output file may be truncated or incomplete.
#
#  Out of Memory Error (virtualSpaceNode.cpp:110), pid=12676, tid=25792
#
# JRE version: OpenJDK Runtime Environment Temurin-17.0.5+8 (17.0.5+8) (build 17.0.5+8)
# Java VM: OpenJDK 64-Bit Server VM Temurin-17.0.5+8 (17.0.5+8, mixed mode, tiered, compressed oops, compressed class ptrs, parallel gc, windows-amd64)
# No core dump will be written. Minidumps are not enabled by default on client versions of Windows
#

---------------  S U M M A R Y ------------

Command Line: --add-modules=ALL-SYSTEM --add-opens=java.base/java.util=ALL-UNNAMED --add-opens=java.base/java.lang=ALL-UNNAMED --add-opens=java.base/sun.nio.fs=ALL-UNNAMED -Declipse.application=org.eclipse.jdt.ls.core.id1 -Dosgi.bundles.defaultStartLevel=4 -Declipse.product=org.eclipse.jdt.ls.core.product -Djava.import.generatesMetadataFilesAtProjectRoot=false -Dfile.encoding=utf8 -XX:+UseParallelGC -XX:GCTimeRatio=4 -XX:AdaptiveSizePolicyWeight=90 -Dsun.zip.disableMemoryMapping=true -Xmx1G -Xms100m -Xlog:disable -javaagent:c:\Users\yuanx\.vscode\extensions\redhat.java-1.13.0-win32-x64\lombok\lombok-1.18.24.jar -XX:+HeapDumpOnOutOfMemoryError -XX:HeapDumpPath=c:\Users\yuanx\AppData\Roaming\Code\User\workspaceStorage\9559d3c657461f418a37650979f0c4d4\redhat.java c:\Users\yuanx\.vscode\extensions\redhat.java-1.13.0-win32-x64\server\plugins\org.eclipse.equinox.launcher_1.6.400.v20210924-0641.jar -configuration c:\Users\yuanx\AppData\Roaming\Code\User\globalStorage\redhat.java\1.13.0\config_win -data c:\Users\yuanx\AppData\Roaming\Code\User\workspaceStorage\9559d3c657461f418a37650979f0c4d4\redhat.java\jdt_ws

Host: Intel(R) Core(TM) i5-8265U CPU @ 1.60GHz, 8 cores, 7G,  Windows 10 , 64 bit Build 18362 (10.0.18362.1500)
Time: Thu Dec 22 18:51:52 2022 东部标准时间 elapsed time: 0.463834 seconds (0d 0h 0m 0s)

---------------  T H R E A D  ---------------

Current thread (0x00000159a10b04d0):  JavaThread "main" [_thread_in_vm, id=25792, stack(0x0000005638300000,0x0000005638400000)]

Stack: [0x0000005638300000,0x0000005638400000]
Native frames: (J=compiled Java code, j=interpreted, Vv=VM code, C=native code)
V  [jvm.dll+0x676b3a]
V  [jvm.dll+0x831444]
V  [jvm.dll+0x832bee]
V  [jvm.dll+0x833253]
V  [jvm.dll+0x244ce5]
V  [jvm.dll+0x82d4db]
V  [jvm.dll+0x61b2f6]
V  [jvm.dll+0x61b35a]
V  [jvm.dll+0x61db7a]
V  [jvm.dll+0x61bc96]
V  [jvm.dll+0x23a7d0]
V  [jvm.dll+0x1ea39d]
V  [jvm.dll+0x1dfdd1]
V  [jvm.dll+0x53be30]
V  [jvm.dll+0x1f05a7]
V  [jvm.dll+0x7ab9db]
V  [jvm.dll+0x7acd82]
V  [jvm.dll+0x7ad0b8]
V  [jvm.dll+0x23d0ee]
V  [jvm.dll+0x23d33f]
V  [jvm.dll+0x5594a8]
V  [jvm.dll+0x55c357]
V  [jvm.dll+0x382574]
V  [jvm.dll+0x381bdf]
C  0x00000159a3d49dcc

Java frames: (J=compiled Java code, j=interpreted, Vv=VM code)
j  sun.security.x509.X509Key.buildX509Key(Lsun/security/x509/AlgorithmId;Lsun/security/util/BitArray;)Ljava/security/PublicKey;+30 java.base@17.0.5
j  sun.security.x509.X509Key.parse(Lsun/security/util/DerValue;)Ljava/security/PublicKey;+38 java.base@17.0.5
j  sun.security.x509.CertificateX509Key.<init>(Lsun/security/util/DerInputStream;)V+11 java.base@17.0.5
j  sun.security.x509.X509CertInfo.parse(Lsun/security/util/DerValue;)V+182 java.base@17.0.5
j  sun.security.x509.X509CertInfo.<init>(Lsun/security/util/DerValue;)V+67 java.base@17.0.5
j  sun.security.x509.X509CertImpl.parse(Lsun/security/util/DerValue;)V+228 java.base@17.0.5
j  sun.security.x509.X509CertImpl.<init>([B)V+50 java.base@17.0.5
j  sun.security.provider.X509Factory.engineGenerateCertificate(Ljava/io/InputStream;)Ljava/security/cert/Certificate;+54 java.base@17.0.5
j  java.security.cert.CertificateFactory.generateCertificate(Ljava/io/InputStream;)Ljava/security/cert/Certificate;+5 java.base@17.0.5
j  sun.security.pkcs.PKCS7.parseSignedData(Lsun/security/util/DerValue;)V+264 java.base@17.0.5
j  sun.security.pkcs.PKCS7.parse(Lsun/security/util/DerInputStream;Z)V+40 java.base@17.0.5
j  sun.security.pkcs.PKCS7.parse(Lsun/security/util/DerInputStream;)V+11 java.base@17.0.5
j  sun.security.pkcs.PKCS7.<init>([B)V+50 java.base@17.0.5
j  sun.security.util.SignatureFileVerifier.<init>(Ljava/util/ArrayList;Lsun/security/util/ManifestDigester;Ljava/lang/String;[B)V+40 java.base@17.0.5
j  java.util.jar.JarVerifier.processEntry(Lsun/security/util/ManifestEntryVerifier;)V+322 java.base@17.0.5
j  java.util.jar.JarVerifier.update(I[BIILsun/security/util/ManifestEntryVerifier;)V+39 java.base@17.0.5
j  java.util.jar.JarFile.initializeVerifier()V+163 java.base@17.0.5
j  java.util.jar.JarFile.ensureInitialization()V+41 java.base@17.0.5
j  java.util.jar.JavaUtilJarAccessImpl.ensureInitialization(Ljava/util/jar/JarFile;)V+1 java.base@17.0.5
j  jdk.internal.loader.URLClassPath$JarLoader$2.getManifest()Ljava/util/jar/Manifest;+10 java.base@17.0.5
j  jdk.internal.loader.BuiltinClassLoader.defineClass(Ljava/lang/String;Ljdk/internal/loader/Resource;)Ljava/lang/Class;+29 java.base@17.0.5
j  jdk.internal.loader.BuiltinClassLoader.findClassOnClassPathOrNull(Ljava/lang/String;)Ljava/lang/Class;+37 java.base@17.0.5
j  jdk.internal.loader.BuiltinClassLoader.loadClassOrNull(Ljava/lang/String;Z)Ljava/lang/Class;+111 java.base@17.0.5
j  jdk.internal.loader.BuiltinClassLoader.loadClass(Ljava/lang/String;Z)Ljava/lang/Class;+3 java.base@17.0.5
j  jdk.internal.loader.ClassLoaders$AppClassLoader.loadClass(Ljava/lang/String;Z)Ljava/lang/Class;+36 java.base@17.0.5
j  java.lang.ClassLoader.loadClass(Ljava/lang/String;)Ljava/lang/Class;+3 java.base@17.0.5
v  ~StubRoutines::call_stub
j  java.lang.Class.forName0(Ljava/lang/String;ZLjava/lang/ClassLoader;Ljava/lang/Class;)Ljava/lang/Class;+0 java.base@17.0.5
j  java.lang.Class.forName(Ljava/lang/String;ZLjava/lang/ClassLoader;)Ljava/lang/Class;+43 java.base@17.0.5
j  sun.launcher.LauncherHelper.loadMainClass(ILjava/lang/String;)Ljava/lang/Class;+95 java.base@17.0.5
j  sun.launcher.LauncherHelper.checkAndLoadMain(ZILjava/lang/String;)Ljava/lang/Class;+42 java.base@17.0.5
v  ~StubRoutines::call_stub

---------------  P R O C E S S  ---------------

Threads class SMR info:
_java_thread_list=0x00000159b6def680, length=13, elements={
0x00000159a10b04d0, 0x00000159b4f2b1b0, 0x00000159b4f2e4e0, 0x00000159b6ab8010,
0x00000159b6ab88d0, 0x00000159b6abbd00, 0x00000159b6abded0, 0x00000159b6ac2f00,
0x00000159b6ac66c0, 0x00000159b6acb3c0, 0x00000159b6b4b380, 0x00000159b6ac5ca0,
0x00000159b6dc3fe0
}

Java Threads: ( => current thread )
=>0x00000159a10b04d0 JavaThread "main" [_thread_in_vm, id=25792, stack(0x0000005638300000,0x0000005638400000)]
  0x00000159b4f2b1b0 JavaThread "Reference Handler" daemon [_thread_blocked, id=14752, stack(0x0000005638600000,0x0000005638700000)]
  0x00000159b4f2e4e0 JavaThread "Finalizer" daemon [_thread_blocked, id=12432, stack(0x0000005638700000,0x0000005638800000)]
  0x00000159b6ab8010 JavaThread "Signal Dispatcher" daemon [_thread_blocked, id=24860, stack(0x0000005638800000,0x0000005638900000)]
  0x00000159b6ab88d0 JavaThread "Attach Listener" daemon [_thread_blocked, id=11960, stack(0x0000005638900000,0x0000005638a00000)]
  0x00000159b6abbd00 JavaThread "Service Thread" daemon [_thread_blocked, id=16308, stack(0x0000005638a00000,0x0000005638b00000)]
  0x00000159b6abded0 JavaThread "Monitor Deflation Thread" daemon [_thread_blocked, id=6680, stack(0x0000005638b00000,0x0000005638c00000)]
  0x00000159b6ac2f00 JavaThread "C2 CompilerThread0" daemon [_thread_blocked, id=22664, stack(0x0000005638c00000,0x0000005638d00000)]
  0x00000159b6ac66c0 JavaThread "C1 CompilerThread0" daemon [_thread_blocked, id=21948, stack(0x0000005638d00000,0x0000005638e00000)]
  0x00000159b6acb3c0 JavaThread "Sweeper thread" daemon [_thread_blocked, id=25968, stack(0x0000005638e00000,0x0000005638f00000)]
  0x00000159b6b4b380 JavaThread "Common-Cleaner" daemon [_thread_blocked, id=26156, stack(0x0000005638f00000,0x0000005639000000)]
  0x00000159b6ac5ca0 JavaThread "C2 CompilerThread1" daemon [_thread_in_native, id=25728, stack(0x0000005639000000,0x0000005639100000)]
  0x00000159b6dc3fe0 JavaThread "Notification Thread" daemon [_thread_blocked, id=18492, stack(0x0000005639100000,0x0000005639200000)]

Other Threads:
  0x00000159b6a60c20 VMThread "VM Thread" [stack: 0x0000005638500000,0x0000005638600000] [id=29676]
  0x00000159b79283f0 WatcherThread [stack: 0x0000005639200000,0x0000005639300000] [id=19020]
  0x00000159a10c57a0 GCTaskThread "GC Thread#0" [stack: 0x0000005638400000,0x0000005638500000] [id=20532]

Threads with active compile tasks:
C2 CompilerThread1      492  434       4       java.lang.String::replace (42 bytes)

VM state: not at safepoint (normal execution)

VM Mutex/Monitor currently owned by a thread:  ([mutex/lock_event])
[0x00000159a10aae90] Metaspace_lock - owner thread: 0x00000159a10b04d0

Heap address: 0x00000000c0000000, size: 1024 MB, Compressed Oops mode: 32-bit

CDS archive(s) not mapped
Compressed class space mapped at: 0x0000000100000000-0x0000000140000000, reserved size: 1073741824
Narrow klass base: 0x0000000000000000, Narrow klass shift: 3, Narrow klass range: 0x140000000

GC Precious Log:
 CPUs: 8 total, 8 available
 Memory: 8000M
 Large Page Support: Disabled
 NUMA Support: Disabled
 Compressed Oops: Enabled (32-bit)
 Alignments: Space 512K, Generation 512K, Heap 2M
 Heap Min Capacity: 100M
 Heap Initial Capacity: 100M
 Heap Max Capacity: 1G
 Pre-touch: Disabled
 Parallel Workers: 8

Heap:
 PSYoungGen      total 29696K, used 9072K [0x00000000eab00000, 0x00000000ecc00000, 0x0000000100000000)
  eden space 25600K, 35% used [0x00000000eab00000,0x00000000eb3dc1e0,0x00000000ec400000)
  from space 4096K, 0% used [0x00000000ec800000,0x00000000ec800000,0x00000000ecc00000)
  to   space 4096K, 0% used [0x00000000ec400000,0x00000000ec400000,0x00000000ec800000)
 ParOldGen       total 68608K, used 0K [0x00000000c0000000, 0x00000000c4300000, 0x00000000eab00000)
  object space 68608K, 0% used [0x00000000c0000000,0x00000000c0000000,0x00000000c4300000)
 Metaspace       used 7147K, committed 7232K, reserved 1056768K
  class space    used 694K, committed 768K, reserved 1048576K

Card table byte_map: [0x00000159a0a80000,0x00000159a0c90000] _byte_map_base: 0x00000159a0480000

Marking Bits: (ParMarkBitMap*) 0x00007ffa0b870dd0
 Begin Bits: [0x00000159b2d30000, 0x00000159b3d30000)
 End Bits:   [0x00000159b3d30000, 0x00000159b4d30000)

Polling page: 0x00000159a0870000

Metaspace:

Usage:
  Non-class:      6.30 MB used.
      Class:    694.15 KB used.
       Both:      6.98 MB used.

Virtual space:
  Non-class space:        8.00 MB reserved,       6.31 MB ( 79%) committed,  1 nodes.
      Class space:        1.00 GB reserved,     768.00 KB ( <1%) committed,  1 nodes.
             Both:        1.01 GB reserved,       7.06 MB ( <1%) committed. 

Chunk freelists:
   Non-Class:  1.00 MB
       Class:  3.22 MB
        Both:  4.22 MB

MaxMetaspaceSize: unlimited
CompressedClassSpaceSize: 1.00 GB
Initial GC threshold: 21.00 MB
Current GC threshold: 21.00 MB
CDS: off
MetaspaceReclaimPolicy: balanced
 - commit_granule_bytes: 65536.
 - commit_granule_words: 8192.
 - virtual_space_node_default_size: 1048576.
 - enlarge_chunks_in_place: 1.
 - new_chunks_are_fully_committed: 0.
 - uncommit_free_chunks: 1.
 - use_allocation_guard: 0.
 - handle_deallocations: 1.


Internal statistics:

num_allocs_failed_limit: 0.
num_arena_births: 10.
num_arena_deaths: 0.
num_vsnodes_births: 2.
num_vsnodes_deaths: 0.
num_space_committed: 113.
num_space_uncommitted: 0.
num_chunks_returned_to_freelist: 0.
num_chunks_taken_from_freelist: 37.
num_chunk_merges: 0.
num_chunk_splits: 20.
num_chunks_enlarged: 16.
num_purges: 0.
num_inconsistent_stats: 0.

CodeHeap 'non-profiled nmethods': size=120000Kb used=128Kb max_used=128Kb free=119871Kb
 bounds [0x00000159ab800000, 0x00000159aba70000, 0x00000159b2d30000]
CodeHeap 'profiled nmethods': size=120000Kb used=577Kb max_used=577Kb free=119422Kb
 bounds [0x00000159a42d0000, 0x00000159a4540000, 0x00000159ab800000]
CodeHeap 'non-nmethods': size=5760Kb used=1109Kb max_used=1127Kb free=4650Kb
 bounds [0x00000159a3d30000, 0x00000159a3fa0000, 0x00000159a42d0000]
 total_blobs=823 nmethods=433 adapters=305
 compilation: enabled
              stopped_count=0, restarted_count=0
 full_count=0

Compilation events (20 events):
Event: 0.410 Thread 0x00000159b6ac66c0  424       3       sun.security.util.ObjectIdentifier::checkOidSize (86 bytes)
Event: 0.411 Thread 0x00000159b6ac66c0 nmethod 424 0x00000159a435d910 code [0x00000159a435dc20, 0x00000159a435e9a8]
Event: 0.411 Thread 0x00000159b6ac66c0  425       1       sun.instrument.TransformerManager::getSnapshotTransformerList (5 bytes)
Event: 0.411 Thread 0x00000159b6ac66c0 nmethod 425 0x00000159ab81eb10 code [0x00000159ab81eca0, 0x00000159ab81ed78]
Event: 0.412 Thread 0x00000159b6ac66c0  426       1       sun.instrument.TransformerManager$TransformerInfo::transformer (5 bytes)
Event: 0.412 Thread 0x00000159b6ac66c0 nmethod 426 0x00000159ab81ee10 code [0x00000159ab81efa0, 0x00000159ab81f078]
Event: 0.412 Thread 0x00000159b6ac66c0  427       3       sun.security.util.ObjectIdentifier::pack7Oid (42 bytes)
Event: 0.412 Thread 0x00000159b6ac66c0 nmethod 427 0x00000159a435ef10 code [0x00000159a435f0c0, 0x00000159a435f2a8]
Event: 0.412 Thread 0x00000159b6ac2f00  430       4       java.lang.String::indexOf (29 bytes)
Event: 0.412 Thread 0x00000159b6ac66c0  429       3       sun.security.util.ObjectIdentifier::pack (221 bytes)
Event: 0.413 Thread 0x00000159b6ac5ca0  431       4       java.util.Collections$UnmodifiableCollection$1::hasNext (10 bytes)
Event: 0.413 Thread 0x00000159b6ac66c0 nmethod 429 0x00000159a435f390 code [0x00000159a435f560, 0x00000159a435fb88]
Event: 0.413 Thread 0x00000159b6ac66c0  428       3       sun.security.util.ObjectIdentifier::pack7Oid (84 bytes)
Event: 0.413 Thread 0x00000159b6ac66c0 nmethod 428 0x00000159a435fe10 code [0x00000159a435ffe0, 0x00000159a4360338]
Event: 0.413 Thread 0x00000159b6ac5ca0 nmethod 431 0x00000159ab81f110 code [0x00000159ab81f2a0, 0x00000159ab81f378]
Event: 0.414 Thread 0x00000159b6ac2f00 nmethod 430 0x00000159ab81f490 code [0x00000159ab81f620, 0x00000159ab81f838]
Event: 0.414 Thread 0x00000159b6ac2f00  432       4       java.util.HashMap$HashIterator::<init> (79 bytes)
Event: 0.414 Thread 0x00000159b6ac5ca0  433       4       java.util.ArrayList$Itr::hasNext (20 bytes)
Event: 0.415 Thread 0x00000159b6ac5ca0 nmethod 433 0x00000159ab81f990 code [0x00000159ab81fb00, 0x00000159ab81fb98]
Event: 0.417 Thread 0x00000159b6ac5ca0  434       4       java.lang.String::replace (42 bytes)

GC Heap History (0 events):
No events

Dll operation events (8 events):
Event: 0.012 Loaded shared library c:\Users\yuanx\.vscode\extensions\redhat.java-1.13.0-win32-x64\jre\17.0.5-win32-x86_64\bin\java.dll
Event: 0.148 Loaded shared library c:\Users\yuanx\.vscode\extensions\redhat.java-1.13.0-win32-x64\jre\17.0.5-win32-x86_64\bin\zip.dll
Event: 0.154 Loaded shared library C:\Users\yuanx\.vscode\extensions\redhat.java-1.13.0-win32-x64\jre\17.0.5-win32-x86_64\bin\instrument.dll
Event: 0.166 Loaded shared library C:\Users\yuanx\.vscode\extensions\redhat.java-1.13.0-win32-x64\jre\17.0.5-win32-x86_64\bin\net.dll
Event: 0.169 Loaded shared library C:\Users\yuanx\.vscode\extensions\redhat.java-1.13.0-win32-x64\jre\17.0.5-win32-x86_64\bin\nio.dll
Event: 0.176 Loaded shared library C:\Users\yuanx\.vscode\extensions\redhat.java-1.13.0-win32-x64\jre\17.0.5-win32-x86_64\bin\zip.dll
Event: 0.191 Loaded shared library C:\Users\yuanx\.vscode\extensions\redhat.java-1.13.0-win32-x64\jre\17.0.5-win32-x86_64\bin\jimage.dll
Event: 0.240 Loaded shared library c:\Users\yuanx\.vscode\extensions\redhat.java-1.13.0-win32-x64\jre\17.0.5-win32-x86_64\bin\verify.dll

Deoptimization events (6 events):
Event: 0.354 Thread 0x00000159a10b04d0 Uncommon trap: trap_request=0xffffff45 fr.pc=0x00000159ab80d3e0 relative=0x0000000000000500
Event: 0.354 Thread 0x00000159a10b04d0 Uncommon trap: reason=unstable_if action=reinterpret pc=0x00000159ab80d3e0 method=java.util.HashMap.putVal(ILjava/lang/Object;Ljava/lang/Object;ZZ)Ljava/lang/Object; @ 69 c2
Event: 0.354 Thread 0x00000159a10b04d0 DEOPT PACKING pc=0x00000159ab80d3e0 sp=0x00000056383fd420
Event: 0.354 Thread 0x00000159a10b04d0 DEOPT UNPACKING pc=0x00000159a3d820a3 sp=0x00000056383fd3a0 mode 2
Event: 0.368 Thread 0x00000159a10b04d0 DEOPT PACKING pc=0x00000159a42e8813 sp=0x00000056383fe280
Event: 0.368 Thread 0x00000159a10b04d0 DEOPT UNPACKING pc=0x00000159a3d82843 sp=0x00000056383fd740 mode 0

Classes unloaded (0 events):
No events

Classes redefined (0 events):
No events

Internal exceptions (2 events):
Event: 0.125 Thread 0x00000159a10b04d0 Exception <a 'java/lang/NoSuchMethodError'{0x00000000eac51a68}: 'void java.lang.invoke.DirectMethodHandle$Holder.invokeStatic(java.lang.Object, java.lang.Object, java.lang.Object)'> (0x00000000eac51a68) 
thrown [s\src\hotspot\share\interpreter\linkResolver.cpp, line 759]
Event: 0.282 Thread 0x00000159a10b04d0 Exception <a 'java/lang/reflect/InvocationTargetException'{0x00000000eafb2630}> (0x00000000eafb2630) 
thrown [s\src\hotspot\share\runtime\reflection.cpp, line 1121]

VM Operations (4 events):
Event: 0.129 Executing VM operation: HandshakeAllThreads
Event: 0.129 Executing VM operation: HandshakeAllThreads done
Event: 0.208 Executing VM operation: HandshakeAllThreads
Event: 0.208 Executing VM operation: HandshakeAllThreads done

Events (20 events):
Event: 0.416 loading class sun/security/x509/CertificateX509Key done
Event: 0.416 loading class sun/security/x509/X509Key
Event: 0.416 loading class java/security/PublicKey
Event: 0.416 loading class java/security/Key
Event: 0.416 loading class java/security/Key done
Event: 0.416 loading class java/security/PublicKey done
Event: 0.416 loading class sun/security/x509/X509Key done
Event: 0.416 loading class sun/security/util/BitArray
Event: 0.417 loading class sun/security/util/BitArray done
Event: 0.417 loading class java/security/spec/X509EncodedKeySpec
Event: 0.417 loading class java/security/spec/EncodedKeySpec
Event: 0.417 loading class java/security/spec/KeySpec
Event: 0.417 loading class java/security/spec/KeySpec done
Event: 0.417 loading class java/security/spec/EncodedKeySpec done
Event: 0.417 loading class java/security/spec/X509EncodedKeySpec done
Event: 0.417 loading class java/security/spec/EncodedKeySpec$1
Event: 0.417 loading class jdk/internal/access/JavaSecuritySpecAccess
Event: 0.417 loading class jdk/internal/access/JavaSecuritySpecAccess done
Event: 0.417 loading class java/security/spec/EncodedKeySpec$1 done
Event: 0.417 loading class java/security/KeyFactory


Dynamic libraries:
0x00007ff6a9090000 - 0x00007ff6a909e000 	c:\Users\yuanx\.vscode\extensions\redhat.java-1.13.0-win32-x64\jre\17.0.5-win32-x86_64\bin\java.exe
0x00007ffa5c140000 - 0x00007ffa5c330000 	C:\WINDOWS\SYSTEM32\ntdll.dll
0x00007ffa5bec0000 - 0x00007ffa5bf72000 	C:\WINDOWS\System32\KERNEL32.DLL
0x00007ffa59620000 - 0x00007ffa598c5000 	C:\WINDOWS\System32\KERNELBASE.dll
0x00007ffa5a0f0000 - 0x00007ffa5a1ea000 	C:\WINDOWS\System32\ucrtbase.dll
0x00007ffa41460000 - 0x00007ffa41477000 	c:\Users\yuanx\.vscode\extensions\redhat.java-1.13.0-win32-x64\jre\17.0.5-win32-x86_64\bin\jli.dll
0x00007ffa41340000 - 0x00007ffa41359000 	c:\Users\yuanx\.vscode\extensions\redhat.java-1.13.0-win32-x64\jre\17.0.5-win32-x86_64\bin\VCRUNTIME140.dll
0x00007ffa5b850000 - 0x00007ffa5b9e4000 	C:\WINDOWS\System32\USER32.dll
0x00007ffa598d0000 - 0x00007ffa598f1000 	C:\WINDOWS\System32\win32u.dll
0x00007ffa5a4f0000 - 0x00007ffa5a516000 	C:\WINDOWS\System32\GDI32.dll
0x00007ffa42ad0000 - 0x00007ffa42d54000 	C:\WINDOWS\WinSxS\amd64_microsoft.windows.common-controls_6595b64144ccf1df_6.0.18362.1556_none_9e7e372fe45e41d5\COMCTL32.dll
0x00007ffa59110000 - 0x00007ffa592a8000 	C:\WINDOWS\System32\gdi32full.dll
0x00007ffa5a290000 - 0x00007ffa5a32e000 	C:\WINDOWS\System32\msvcrt.dll
0x00007ffa592e0000 - 0x00007ffa5937e000 	C:\WINDOWS\System32\msvcp_win.dll
0x00007ffa5b4c0000 - 0x00007ffa5b7f6000 	C:\WINDOWS\System32\combase.dll
0x00007ffa5b9f0000 - 0x00007ffa5bb0f000 	C:\WINDOWS\System32\RPCRT4.dll
0x00007ffa59590000 - 0x00007ffa59611000 	C:\WINDOWS\System32\bcryptPrimitives.dll
0x00007ffa5b820000 - 0x00007ffa5b84e000 	C:\WINDOWS\System32\IMM32.DLL
0x00007ffa4f7a0000 - 0x00007ffa4f7ac000 	c:\Users\yuanx\.vscode\extensions\redhat.java-1.13.0-win32-x64\jre\17.0.5-win32-x86_64\bin\vcruntime140_1.dll
0x00007ffa1fc60000 - 0x00007ffa1fcf1000 	c:\Users\yuanx\.vscode\extensions\redhat.java-1.13.0-win32-x64\jre\17.0.5-win32-x86_64\bin\msvcp140.dll
0x00007ffa0acf0000 - 0x00007ffa0b934000 	c:\Users\yuanx\.vscode\extensions\redhat.java-1.13.0-win32-x64\jre\17.0.5-win32-x86_64\bin\server\jvm.dll
0x00007ffa5c050000 - 0x00007ffa5c0f3000 	C:\WINDOWS\System32\ADVAPI32.dll
0x00007ffa5a1f0000 - 0x00007ffa5a287000 	C:\WINDOWS\System32\sechost.dll
0x00007ffa4cdc0000 - 0x00007ffa4cde4000 	C:\WINDOWS\SYSTEM32\WINMM.dll
0x00007ffa39de0000 - 0x00007ffa39de9000 	C:\WINDOWS\SYSTEM32\WSOCK32.dll
0x00007ffa4dcc0000 - 0x00007ffa4dcca000 	C:\WINDOWS\SYSTEM32\VERSION.dll
0x00007ffa5b450000 - 0x00007ffa5b4bf000 	C:\WINDOWS\System32\WS2_32.dll
0x00007ffa4cd90000 - 0x00007ffa4cdbd000 	C:\WINDOWS\SYSTEM32\WINMMBASE.dll
0x00007ffa59900000 - 0x00007ffa5994a000 	C:\WINDOWS\System32\cfgmgr32.dll
0x00007ffa59090000 - 0x00007ffa590a1000 	C:\WINDOWS\System32\kernel.appcore.dll
0x00007ffa41300000 - 0x00007ffa4130a000 	c:\Users\yuanx\.vscode\extensions\redhat.java-1.13.0-win32-x64\jre\17.0.5-win32-x86_64\bin\jimage.dll
0x00007ffa578f0000 - 0x00007ffa57ae4000 	C:\WINDOWS\SYSTEM32\DBGHELP.DLL
0x00007ffa392a0000 - 0x00007ffa392ca000 	C:\WINDOWS\SYSTEM32\dbgcore.DLL
0x00007ffa412f0000 - 0x00007ffa412fe000 	c:\Users\yuanx\.vscode\extensions\redhat.java-1.13.0-win32-x64\jre\17.0.5-win32-x86_64\bin\instrument.dll
0x00007ffa3ecb0000 - 0x00007ffa3ecd5000 	c:\Users\yuanx\.vscode\extensions\redhat.java-1.13.0-win32-x64\jre\17.0.5-win32-x86_64\bin\java.dll
0x00007ffa40a90000 - 0x00007ffa40aa8000 	c:\Users\yuanx\.vscode\extensions\redhat.java-1.13.0-win32-x64\jre\17.0.5-win32-x86_64\bin\zip.dll
0x00007ffa5ad50000 - 0x00007ffa5b437000 	C:\WINDOWS\System32\SHELL32.dll
0x00007ffa5aca0000 - 0x00007ffa5ad48000 	C:\WINDOWS\System32\shcore.dll
0x00007ffa59970000 - 0x00007ffa5a0eb000 	C:\WINDOWS\System32\windows.storage.dll
0x00007ffa59020000 - 0x00007ffa5903e000 	C:\WINDOWS\System32\profapi.dll
0x00007ffa59040000 - 0x00007ffa5908a000 	C:\WINDOWS\System32\powrprof.dll
0x00007ffa58ff0000 - 0x00007ffa59000000 	C:\WINDOWS\System32\UMPDC.dll
0x00007ffa5abc0000 - 0x00007ffa5ac12000 	C:\WINDOWS\System32\shlwapi.dll
0x00007ffa59950000 - 0x00007ffa59967000 	C:\WINDOWS\System32\cryptsp.dll
0x00007ffa3fd00000 - 0x00007ffa3fd19000 	C:\Users\yuanx\.vscode\extensions\redhat.java-1.13.0-win32-x64\jre\17.0.5-win32-x86_64\bin\net.dll
0x00007ffa50750000 - 0x00007ffa5084a000 	C:\WINDOWS\SYSTEM32\WINHTTP.dll
0x00007ffa58830000 - 0x00007ffa58897000 	C:\WINDOWS\system32\mswsock.dll
0x00007ffa3ec00000 - 0x00007ffa3ec15000 	C:\Users\yuanx\.vscode\extensions\redhat.java-1.13.0-win32-x64\jre\17.0.5-win32-x86_64\bin\nio.dll
0x00007ffa40840000 - 0x00007ffa40850000 	c:\Users\yuanx\.vscode\extensions\redhat.java-1.13.0-win32-x64\jre\17.0.5-win32-x86_64\bin\verify.dll

dbghelp: loaded successfully - version: 4.0.5 - missing functions: none
symbol engine: initialized successfully - sym options: 0x614 - pdb path: .;c:\Users\yuanx\.vscode\extensions\redhat.java-1.13.0-win32-x64\jre\17.0.5-win32-x86_64\bin;C:\WINDOWS\SYSTEM32;C:\WINDOWS\WinSxS\amd64_microsoft.windows.common-controls_6595b64144ccf1df_6.0.18362.1556_none_9e7e372fe45e41d5;c:\Users\yuanx\.vscode\extensions\redhat.java-1.13.0-win32-x64\jre\17.0.5-win32-x86_64\bin\server

VM Arguments:
jvm_args: --add-modules=ALL-SYSTEM --add-opens=java.base/java.util=ALL-UNNAMED --add-opens=java.base/java.lang=ALL-UNNAMED --add-opens=java.base/sun.nio.fs=ALL-UNNAMED -Declipse.application=org.eclipse.jdt.ls.core.id1 -Dosgi.bundles.defaultStartLevel=4 -Declipse.product=org.eclipse.jdt.ls.core.product -Djava.import.generatesMetadataFilesAtProjectRoot=false -Dfile.encoding=utf8 -XX:+UseParallelGC -XX:GCTimeRatio=4 -XX:AdaptiveSizePolicyWeight=90 -Dsun.zip.disableMemoryMapping=true -Xmx1G -Xms100m -Xlog:disable -javaagent:c:\Users\yuanx\.vscode\extensions\redhat.java-1.13.0-win32-x64\lombok\lombok-1.18.24.jar -XX:+HeapDumpOnOutOfMemoryError -XX:HeapDumpPath=c:\Users\yuanx\AppData\Roaming\Code\User\workspaceStorage\9559d3c657461f418a37650979f0c4d4\redhat.java 
java_command: c:\Users\yuanx\.vscode\extensions\redhat.java-1.13.0-win32-x64\server\plugins\org.eclipse.equinox.launcher_1.6.400.v20210924-0641.jar -configuration c:\Users\yuanx\AppData\Roaming\Code\User\globalStorage\redhat.java\1.13.0\config_win -data c:\Users\yuanx\AppData\Roaming\Code\User\workspaceStorage\9559d3c657461f418a37650979f0c4d4\redhat.java\jdt_ws
java_class_path (initial): c:\Users\yuanx\.vscode\extensions\redhat.java-1.13.0-win32-x64\server\plugins\org.eclipse.equinox.launcher_1.6.400.v20210924-0641.jar
Launcher Type: SUN_STANDARD

[Global flags]
    uintx AdaptiveSizePolicyWeight                 = 90                                        {product} {command line}
     intx CICompilerCount                          = 4                                         {product} {ergonomic}
    uintx GCTimeRatio                              = 4                                         {product} {command line}
     bool HeapDumpOnOutOfMemoryError               = true                                   {manageable} {command line}
    ccstr HeapDumpPath                             = c:\Users\yuanx\AppData\Roaming\Code\User\workspaceStorage\9559d3c657461f418a37650979f0c4d4\redhat.java         {manageable} {command line}
   size_t InitialHeapSize                          = 104857600                                 {product} {command line}
   size_t MaxHeapSize                              = 1073741824                                {product} {command line}
   size_t MaxNewSize                               = 357564416                                 {product} {ergonomic}
   size_t MinHeapDeltaBytes                        = 524288                                    {product} {ergonomic}
   size_t MinHeapSize                              = 104857600                                 {product} {command line}
   size_t NewSize                                  = 34603008                                  {product} {ergonomic}
    uintx NonNMethodCodeHeapSize                   = 5839372                                {pd product} {ergonomic}
    uintx NonProfiledCodeHeapSize                  = 122909434                              {pd product} {ergonomic}
   size_t OldSize                                  = 70254592                                  {product} {ergonomic}
    uintx ProfiledCodeHeapSize                     = 122909434                              {pd product} {ergonomic}
    uintx ReservedCodeCacheSize                    = 251658240                              {pd product} {ergonomic}
     bool SegmentedCodeCache                       = true                                      {product} {ergonomic}
   size_t SoftMaxHeapSize                          = 1073741824                             {manageable} {ergonomic}
     bool UseCompressedClassPointers               = true                           {product lp64_product} {ergonomic}
     bool UseCompressedOops                        = true                           {product lp64_product} {ergonomic}
     bool UseLargePagesIndividualAllocation        = false                                  {pd product} {ergonomic}
     bool UseParallelGC                            = true                                      {product} {command line}

Logging:
Log output configuration:
 #0: stdout all=off uptime,level,tags
 #1: stderr all=off uptime,level,tags

Environment Variables:
JAVA_HOME=D:\Java_jdk
PATH=C:\Program Files\NVIDIA GPU Computing Toolkit\CUDA\v11.0\bin;C:\Program Files\NVIDIA GPU Computing Toolkit\CUDA\v11.0\libnvvp;C:\Program Files\Common Files\Oracle\Java\javapath;C:\Program Files\NVIDIA GPU Computing Toolkit\CUDA\v10.0\bin;C:\Program Files\NVIDIA GPU Computing Toolkit\CUDA\v10.0\libnvvp;C:\Program Files (x86)\NVIDIA Corporation\PhysX\Common;C:\Program Files\NVIDIA Corporation\NVIDIA NvDLISR;D:\Anaconda3;D:\Anaconda3\Scripts;D:\Java_jdk\bin;D:\mingw64\bin;C:\Program Files\NVIDIA GPU Computing Toolkit\CUDA\v11.0\bin;C:\Program Files\NVIDIA GPU Computing Toolkit\CUDA\v11.0\include;C:\Program Files\NVIDIA GPU Computing Toolkit\CUDA\v11.0\lib;C:\Program Files\NVIDIA GPU Computing Toolkit\CUDA\v11.0\libnvvp;C:\Program Files\Microsoft SQL Server\130\Tools\Binn\;D:\ssh\bin;C:\Program Files (x86)\Pulse Secure\VC142.CRT\X64\;C:\Program Files (x86)\Pulse Secure\VC142.CRT\X86\;C:\Program Files\Git\cmd;C:\Users\yuanx\.cargo\bin;C:\Users\yuanx\AppData\Local\Microsoft\WindowsApps;"C:\anaconda;C:\anaconda\Library\bin";D:\Microsoft VS Code\bin
USERNAME=yuanx
OS=Windows_NT
PROCESSOR_IDENTIFIER=Intel64 Family 6 Model 142 Stepping 11, GenuineIntel
TMP=C:\Users\yuanx\AppData\Local\Temp
TEMP=C:\Users\yuanx\AppData\Local\Temp



---------------  S Y S T E M  ---------------

OS:
 Windows 10 , 64 bit Build 18362 (10.0.18362.1500)
OS uptime: 9 days 6:29 hours

CPU: total 8 (initial active 8) (4 cores per cpu, 2 threads per core) family 6 model 142 stepping 11 microcode 0xde, cx8, cmov, fxsr, ht, mmx, 3dnowpref, sse, sse2, sse3, ssse3, sse4.1, sse4.2, popcnt, lzcnt, tsc, tscinvbit, avx, avx2, aes, erms, clmul, bmi1, bmi2, adx, fma, vzeroupper, clflush, clflushopt

Memory: 4k page, system-wide physical 8000M (859M free)
TotalPageFile size 21276M (AvailPageFile size 0M)
current process WorkingSet (physical memory assigned to process): 42M, peak: 42M
current process commit charge ("private bytes"): 188M, peak: 188M

vm_info: OpenJDK 64-Bit Server VM (17.0.5+8) for windows-amd64 JRE (17.0.5+8), built on Oct 19 2022 04:48:13 by "temurin" with MS VC++ 16.7 (VS2019)

END.
